2025-06-08T13:12:43.307080+02:00 DESKTOP-JKJKTAM login[322]: PAM unable to dlopen(pam_lastlog.so): /usr/lib/security/pam_lastlog.so: cannot open shared object file: No such file or directory
2025-06-08T13:12:43.307187+02:00 DESKTOP-JKJKTAM login[322]: PAM adding faulty module: pam_lastlog.so
2025-06-08T13:12:43.664702+02:00 DESKTOP-JKJKTAM login[322]: pam_unix(login:session): session opened for user leonnsamba(uid=1000) by leonnsamba(uid=0)
2025-06-08T13:12:43.674592+02:00 DESKTOP-JKJKTAM systemd-logind[171]: New session 1 of user leonnsamba.
2025-06-08T13:12:43.694086+02:00 DESKTOP-JKJKTAM (systemd): pam_unix(systemd-user:session): session opened for user leonnsamba(uid=1000) by leonnsamba(uid=0)
2025-06-08T13:17:01.081071+02:00 DESKTOP-JKJKTAM CRON[538]: pam_unix(cron:session): session opened for user root(uid=0) by root(uid=0)
2025-06-08T13:17:01.085653+02:00 DESKTOP-JKJKTAM CRON[538]: pam_unix(cron:session): session closed for user root
2025-06-08T13:28:15.606538+02:00 DESKTOP-JKJKTAM polkitd[1020]: Loading rules from directory /etc/polkit-1/rules.d
2025-06-08T13:28:15.607057+02:00 DESKTOP-JKJKTAM polkitd[1020]: Loading rules from directory /usr/share/polkit-1/rules.d
2025-06-08T13:28:15.611146+02:00 DESKTOP-JKJKTAM polkitd[1020]: Finished loading, compiling and executing 4 rules
2025-06-08T13:28:15.611789+02:00 DESKTOP-JKJKTAM polkitd[1020]: Acquired the name org.freedesktop.PolicyKit1 on the system bus
2025-06-08T15:04:19.010234+02:00 DESKTOP-JKJKTAM sudo: leonnsamba : TTY=pts/0 ; PWD=/home/leonnsamba/if_statement_practice ; USER=root ; COMMAND=/usr/bin/apt install htop
2025-06-08T15:04:19.026247+02:00 DESKTOP-JKJKTAM sudo: pam_unix(sudo:session): session opened for user root(uid=0) by (uid=1000)
2025-06-08T15:04:20.109237+02:00 DESKTOP-JKJKTAM sudo: pam_unix(sudo:session): session closed for user root
2025-06-08T15:05:06.368857+02:00 DESKTOP-JKJKTAM sudo: leonnsamba : TTY=pts/0 ; PWD=/home/leonnsamba/if_statement_practice ; USER=root ; COMMAND=/usr/bin/apt install dont
2025-06-08T15:05:06.369338+02:00 DESKTOP-JKJKTAM sudo: pam_unix(sudo:session): session opened for user root(uid=0) by (uid=1000)
2025-06-08T15:05:06.837961+02:00 DESKTOP-JKJKTAM sudo: pam_unix(sudo:session): session closed for user root
2025-06-08T15:05:28.393864+02:00 DESKTOP-JKJKTAM sudo: leonnsamba : TTY=pts/0 ; PWD=/home/leonnsamba/if_statement_practice ; USER=root ; COMMAND=/usr/bin/apt install dontexidnaklfn
2025-06-08T15:05:28.394620+02:00 DESKTOP-JKJKTAM sudo: pam_unix(sudo:session): session opened for user root(uid=0) by (uid=1000)
2025-06-08T15:05:28.809555+02:00 DESKTOP-JKJKTAM sudo: pam_unix(sudo:session): session closed for user root
2025-06-08T15:07:49.085918+02:00 DESKTOP-JKJKTAM sudo: leonnsamba : TTY=pts/0 ; PWD=/home/leonnsamba/if_statement_practice ; USER=root ; COMMAND=/usr/bin/apt remove htop
2025-06-08T15:07:49.086457+02:00 DESKTOP-JKJKTAM sudo: pam_unix(sudo:session): session opened for user root(uid=0) by (uid=1000)
2025-06-08T15:07:51.273656+02:00 DESKTOP-JKJKTAM sudo: pam_unix(sudo:session): session closed for user root
2025-06-08T15:07:56.474898+02:00 DESKTOP-JKJKTAM sudo: leonnsamba : TTY=pts/0 ; PWD=/home/leonnsamba/if_statement_practice ; USER=root ; COMMAND=/usr/bin/apt install htop
2025-06-08T15:07:56.475453+02:00 DESKTOP-JKJKTAM sudo: pam_unix(sudo:session): session opened for user root(uid=0) by (uid=1000)
2025-06-08T15:08:01.107351+02:00 DESKTOP-JKJKTAM sudo: pam_unix(sudo:session): session closed for user root
2025-06-08T15:08:41.793795+02:00 DESKTOP-JKJKTAM sudo: leonnsamba : TTY=pts/0 ; PWD=/home/leonnsamba/if_statement_practice ; USER=root ; COMMAND=/usr/bin/apt install notexist
2025-06-08T15:08:41.797519+02:00 DESKTOP-JKJKTAM sudo: pam_unix(sudo:session): session opened for user root(uid=0) by (uid=1000)
2025-06-08T15:08:42.417549+02:00 DESKTOP-JKJKTAM sudo: pam_unix(sudo:session): session closed for user root
2025-06-08T15:09:06.553278+02:00 DESKTOP-JKJKTAM sudo: leonnsamba : TTY=pts/0 ; PWD=/home/leonnsamba/if_statement_practice ; USER=root ; COMMAND=/usr/bin/apt install htop
2025-06-08T15:09:06.554000+02:00 DESKTOP-JKJKTAM sudo: pam_unix(sudo:session): session opened for user root(uid=0) by (uid=1000)
2025-06-08T15:09:07.225799+02:00 DESKTOP-JKJKTAM sudo: pam_unix(sudo:session): session closed for user root
2025-06-08T15:11:48.268736+02:00 DESKTOP-JKJKTAM sudo: leonnsamba : TTY=pts/0 ; PWD=/home/leonnsamba/if_statement_practice ; USER=root ; COMMAND=/usr/bin/apt remove htop
2025-06-08T15:11:48.269575+02:00 DESKTOP-JKJKTAM sudo: pam_unix(sudo:session): session opened for user root(uid=0) by (uid=1000)
2025-06-08T15:11:52.282652+02:00 DESKTOP-JKJKTAM sudo: pam_unix(sudo:session): session closed for user root
2025-06-08T15:12:03.929759+02:00 DESKTOP-JKJKTAM sudo: leonnsamba : TTY=pts/0 ; PWD=/home/leonnsamba/if_statement_practice ; USER=root ; COMMAND=/usr/bin/apt install htop
2025-06-08T15:12:03.930636+02:00 DESKTOP-JKJKTAM sudo: pam_unix(sudo:session): session opened for user root(uid=0) by (uid=1000)
2025-06-08T15:12:08.540227+02:00 DESKTOP-JKJKTAM sudo: pam_unix(sudo:session): session closed for user root
2025-06-08T15:13:02.448360+02:00 DESKTOP-JKJKTAM sudo: leonnsamba : TTY=pts/0 ; PWD=/home/leonnsamba/if_statement_practice ; USER=root ; COMMAND=/usr/bin/apt install -y notexist
2025-06-08T15:13:02.452553+02:00 DESKTOP-JKJKTAM sudo: pam_unix(sudo:session): session opened for user root(uid=0) by (uid=1000)
2025-06-08T15:13:03.081397+02:00 DESKTOP-JKJKTAM sudo: pam_unix(sudo:session): session closed for user root
2025-06-08T15:17:01.977076+02:00 DESKTOP-JKJKTAM CRON[1903]: pam_unix(cron:session): session opened for user root(uid=0) by root(uid=0)
2025-06-08T15:17:01.984137+02:00 DESKTOP-JKJKTAM CRON[1903]: pam_unix(cron:session): session closed for user root
2025-06-08T15:25:07.631273+02:00 DESKTOP-JKJKTAM sudo: leonnsamba : TTY=pts/0 ; PWD=/home/leonnsamba/if_statement_practice ; USER=root ; COMMAND=/usr/bin/apt notexist
2025-06-08T15:25:07.645235+02:00 DESKTOP-JKJKTAM sudo: pam_unix(sudo:session): session opened for user root(uid=0) by (uid=1000)
2025-06-08T15:25:07.645500+02:00 DESKTOP-JKJKTAM sudo: pam_unix(sudo:session): session closed for user root
2025-06-08T16:15:55.865638+02:00 DESKTOP-JKJKTAM sudo: leonnsamba : TTY=pts/0 ; PWD=/home/leonnsamba ; USER=root ; COMMAND=/usr/bin/apt update
2025-06-08T16:15:55.889773+02:00 DESKTOP-JKJKTAM sudo: pam_unix(sudo:session): session opened for user root(uid=0) by (uid=1000)
2025-06-08T16:15:59.674995+02:00 DESKTOP-JKJKTAM sudo: pam_unix(sudo:session): session closed for user root
2025-06-08T16:15:59.683561+02:00 DESKTOP-JKJKTAM sudo: leonnsamba : TTY=pts/0 ; PWD=/home/leonnsamba ; USER=root ; COMMAND=/usr/bin/apt dist-upgrade
2025-06-08T16:15:59.684751+02:00 DESKTOP-JKJKTAM sudo: pam_unix(sudo:session): session opened for user root(uid=0) by (uid=1000)
2025-06-08T16:16:56.507598+02:00 DESKTOP-JKJKTAM sudo: pam_unix(sudo:session): session closed for user root
2025-06-08T16:17:01.675185+02:00 DESKTOP-JKJKTAM CRON[2545]: pam_unix(cron:session): session opened for user root(uid=0) by root(uid=0)
2025-06-08T16:17:01.679365+02:00 DESKTOP-JKJKTAM CRON[2545]: pam_unix(cron:session): session closed for user root
2025-06-08T16:20:32.865278+02:00 DESKTOP-JKJKTAM sudo: leonnsamba : TTY=pts/0 ; PWD=/home/leonnsamba ; USER=root ; COMMAND=/usr/bin/apt update
2025-06-08T16:20:32.870215+02:00 DESKTOP-JKJKTAM sudo: pam_unix(sudo:session): session opened for user root(uid=0) by (uid=1000)
2025-06-08T16:20:36.035184+02:00 DESKTOP-JKJKTAM sudo: pam_unix(sudo:session): session closed for user root
2025-06-08T16:20:36.042928+02:00 DESKTOP-JKJKTAM sudo: leonnsamba : TTY=pts/0 ; PWD=/home/leonnsamba ; USER=root ; COMMAND=/usr/bin/apt dist-upgrade
2025-06-08T16:20:36.043769+02:00 DESKTOP-JKJKTAM sudo: pam_unix(sudo:session): session opened for user root(uid=0) by (uid=1000)
2025-06-08T16:20:36.955076+02:00 DESKTOP-JKJKTAM sudo: pam_unix(sudo:session): session closed for user root
2025-06-08T16:26:03.952472+02:00 DESKTOP-JKJKTAM sudo: leonnsamba : TTY=pts/0 ; PWD=/home/leonnsamba ; USER=root ; COMMAND=/usr/bin/apt update
2025-06-08T16:26:03.957023+02:00 DESKTOP-JKJKTAM sudo: pam_unix(sudo:session): session opened for user root(uid=0) by (uid=1000)
2025-06-08T16:26:08.300918+02:00 DESKTOP-JKJKTAM sudo: pam_unix(sudo:session): session closed for user root
2025-06-08T16:26:08.306068+02:00 DESKTOP-JKJKTAM sudo: leonnsamba : TTY=pts/0 ; PWD=/home/leonnsamba ; USER=root ; COMMAND=/usr/bin/apt dist-upgrade
2025-06-08T16:26:08.308153+02:00 DESKTOP-JKJKTAM sudo: pam_unix(sudo:session): session opened for user root(uid=0) by (uid=1000)
2025-06-08T16:26:09.342109+02:00 DESKTOP-JKJKTAM sudo: pam_unix(sudo:session): session closed for user root
